  $ export SCOREP_TOTAL_MEMORY=32M
  $ scalasca -analyze -q -t -f npb-bt.filt mpiexec -n 144 ./bt.D.144
  S=C=A=N: Scalasca 2.5 trace collection and analysis
  S=C=A=N: ./scorep_bt_144_trace experiment archive
  S=C=A=N: Mon Mar 18 13:57:08 2019: Collect start
  mpiexec -n 144 ./bt.D.144


   NAS Parallel Benchmarks 3.3 -- BT Benchmark

   No input file inputbt.data. Using compiled defaults
   Size:  408x 408x 408
   Iterations:  250    dt:   0.0000200
   Number of active processes:   144

   Time step    1
   Time step   20
   Time step   40
   Time step   60
   Time step   80
   Time step  100
   Time step  120
   Time step  140
   Time step  160
   Time step  180
   Time step  200
   Time step  220
   Time step  240
   Time step  250
   Verification being performed for class D
   accuracy setting for epsilon =  0.1000000000000E-07
   Comparison of RMS-norms of residual
             1 0.2533188551738E+05 0.2533188551738E+05 0.1499315900507E-12
             2 0.2346393716980E+04 0.2346393716980E+04 0.8546885387975E-13
             3 0.6294554366904E+04 0.6294554366904E+04 0.2745293523008E-14
             4 0.5352565376030E+04 0.5352565376030E+04 0.8376934357159E-13
             5 0.3905864038618E+05 0.3905864038618E+05 0.6650300273080E-13
   Comparison of RMS-norms of solution error
             1 0.3100009377557E+03 0.3100009377557E+03 0.1373406191445E-12
             2 0.2424086324913E+02 0.2424086324913E+02 0.1600422929406E-12
             3 0.7782212022645E+02 0.7782212022645E+02 0.4090394153928E-13
             4 0.6835623860116E+02 0.6835623860116E+02 0.3596566920650E-13
             5 0.6065737200368E+03 0.6065737200368E+03 0.2605201960010E-13
   Verification Successful


   BT Benchmark Completed.
   Class           =                        D
   Size            =            408x 408x 408
   Iterations      =                      250
   Time in seconds =                   227.78
   Total processes =                      144
   Compiled procs  =                      144
   Mop/s total     =                256110.17
   Mop/s/process   =                  1778.54
   Operation type  =           floating point
   Verification    =               SUCCESSFUL
   Version         =                    3.3.1
   Compile date    =              18 Mar 2019

   Compile options:
      MPIF77       = scorep mpifort
      FLINK        = $(MPIF77)
      FMPI_LIB     = (none)
      FMPI_INC     = (none)
      FFLAGS       = -O2
      FLINKFLAGS   = -O2
      RAND         = (none)


   Please send feedbacks and/or the results of this run to:

   NPB Development Team
   Internet: npb@nas.nasa.gov


  S=C=A=N: Mon Mar 18 14:01:04 2019: Collect done (status=0) 236s
  S=C=A=N: Mon Mar 18 14:01:04 2019: Analyze start
  mpiexec -n 144 scout.mpi ./scorep_bt_144_trace/traces.otf2
  SCOUT   (Scalasca 2.5)
  Copyright (c) 1998-2019 Forschungszentrum Juelich GmbH
  Copyright (c) 2009-2014 German Research School for Simulation Sciences GmbH

  Analyzing experiment archive ./scorep_bt_144_trace/traces.otf2

  Opening experiment archive ... done (0.008s).
  Reading definition data    ... done (0.017s).
  Reading event trace data   ... done (0.280s).
  Preprocessing              ... done (0.366s).
  Analyzing trace data       ... done (2.511s).
  Writing analysis report    ... done (0.104s).

  Max. memory usage         : 170.812MB
  *** WARNING ***
  40472 clock condition violations detected:
     Point-to-point:    40472
     Collective    :        0
  This usually leads to inconsistent analysis results.

  Try running the analyzer using the '--time-correct' command-line
  option to apply a correction algorithm.


  Total processing time     : 3.383s
  S=C=A=N: Mon Mar 18 14:01:09 2019: Analyze done (status=0) 5s
  Warning: 3.686GB of analyzed trace data retained in ./scorep_bt_144_trace/traces!
  S=C=A=N: ./scorep_bt_144_trace complete.

  $ ls scorep_bt_144_trace
  MANIFEST.md  scorep.filter  scout.cubex  trace.cubex  traces.def   trace.stat
  scorep.cfg   scorep.log     scout.log    traces       traces.otf2
